<?xml version="1.0" encoding="UTF-8"?>
<testsuite name="com.example.sample-task" tests="1" failures="1" errors="0" time="0">
  <testcase name="execute" classname="com.example.sample-task" time="0">
    <failure message="No Task interface or implementation found in artifact"></failure>
  </testcase>
</testsuite>
